Performing C SOURCE FILE Test CMAKE_HAVE_LIBC_PTHREAD failed with the following output:
Change Dir: /home/paculator/github4ik /lab05_2/lab05_timp/cmake-build-debug/CMakeFiles/CMakeTmp

Run Build Command(s):/home/paculator/Desktop/clionnn/clion-2021.3.3/bin/ninja/linux/ninja cmTC_07dba && [1/2] Building C object CMakeFiles/cmTC_07dba.dir/src.c.o
[2/2] Linking C executable cmTC_07dba
FAILED: cmTC_07dba 
: && /usr/bin/cc   CMakeFiles/cmTC_07dba.dir/src.c.o -o cmTC_07dba   && :
/usr/bin/ld: CMakeFiles/cmTC_07dba.dir/src.c.o: в функции «main»:
src.c:(.text+0x46): неопределённая ссылка на «pthread_create»
/usr/bin/ld: src.c:(.text+0x52): неопределённая ссылка на «pthread_detach»
/usr/bin/ld: src.c:(.text+0x5e): неопределённая ссылка на «pthread_cancel»
/usr/bin/ld: src.c:(.text+0x6f): неопределённая ссылка на «pthread_join»
collect2: error: ld returned 1 exit status
ninja: build stopped: subcommand failed.


Source file was:
#include <pthread.h>

static void* test_func(void* data)
{
  return data;
}

int main(void)
{
  pthread_t thread;
  pthread_create(&thread, NULL, test_func, NULL);
  pthread_detach(thread);
  pthread_cancel(thread);
  pthread_join(thread, NULL);
  pthread_atfork(NULL, NULL, NULL);
  pthread_exit(NULL);

  return 0;
}

Determining if the function pthread_create exists in the pthreads failed with the following output:
Change Dir: /home/paculator/github4ik /lab05_2/lab05_timp/cmake-build-debug/CMakeFiles/CMakeTmp

Run Build Command(s):/home/paculator/Desktop/clionnn/clion-2021.3.3/bin/ninja/linux/ninja cmTC_4e2df && [1/2] Building C object CMakeFiles/cmTC_4e2df.dir/CheckFunctionExists.c.o
[2/2] Linking C executable cmTC_4e2df
FAILED: cmTC_4e2df 
: && /usr/bin/cc -DCHECK_FUNCTION_EXISTS=pthread_create  CMakeFiles/cmTC_4e2df.dir/CheckFunctionExists.c.o -o cmTC_4e2df  -lpthreads && :
/usr/bin/ld: невозможно найти -lpthreads
collect2: error: ld returned 1 exit status
ninja: build stopped: subcommand failed.



